  [4;36;1mSQL (17.0ms)[0m   [0;1mCREATE TABLE schema_migrations (version varchar(256) NOT NULL) [0m
  [4;35;1mSQL (17.0ms)[0m   [0mCREATE UNIQUE INDEX unique_schema_migrations ON schema_migrations (version)[0m
  [4;36;1mSQL (6.0ms)[0m   [0;1mSELECT version FROM schema_migrations[0m
Migrating to CreateArticles (20091015190550)
  [4;35;1mSQL (39.0ms)[0m   [0mCREATE TABLE articles (id int generated by default as identity NOT NULL PRIMARY KEY, content clob, created_at timestamp, updated_at timestamp) [0m
  [4;36;1mSQL (17.0ms)[0m   [0;1mINSERT INTO schema_migrations (version) VALUES ('20091015190550')[0m
Migrating to CreateSounds (20091015190635)
  [4;35;1mSQL (32.0ms)[0m   [0mCREATE TABLE sounds (id int generated by default as identity NOT NULL PRIMARY KEY, content blob, created_at timestamp, updated_at timestamp) [0m
  [4;36;1mSQL (9.0ms)[0m   [0;1mINSERT INTO schema_migrations (version) VALUES ('20091015190635')[0m
Migrating to CreateImages (20091015190704)
  [4;35;1mSQL (17.0ms)[0m   [0mCREATE TABLE images (id int generated by default as identity NOT NULL PRIMARY KEY, content blob, created_at timestamp, updated_at timestamp) [0m
  [4;36;1mSQL (8.0ms)[0m   [0;1mINSERT INTO schema_migrations (version) VALUES ('20091015190704')[0m
  [4;35;1mSQL (2.0ms)[0m   [0mSELECT version FROM schema_migrations[0m
  [4;36;1mSQL (2.0ms)[0m   [0;1mSELECT version FROM schema_migrations[0m
Migrating to CreateArticles (20091015190550)
Migrating to CreateSounds (20091015190635)
Migrating to CreateImages (20091015190704)
Migrating to CreateCatalogEntries (20091015191028)
  [4;35;1mSQL (26.0ms)[0m   [0mCREATE TABLE catalog_entries (id int generated by default as identity NOT NULL PRIMARY KEY, name varchar(256), acquired_at timestamp, resource_id integer, resource_type varchar(256), created_at timestamp, updated_at timestamp) [0m
  [4;36;1mSQL (7.0ms)[0m   [0;1mINSERT INTO schema_migrations (version) VALUES ('20091015191028')[0m
  [4;35;1mSQL (1.0ms)[0m   [0mSELECT version FROM schema_migrations[0m
  [4;36;1mSQL (11.0ms)[0m   [0;1mINSERT INTO articles (content, created_at, updated_at) VALUES(CAST('This is my new article' AS CLOB), '2009-10-15 19:15:55', '2009-10-15 19:15:55')[0m
  [4;35;1mSQL (7.0ms)[0m   [0mINSERT INTO catalog_entries (name, acquired_at, resource_id, resource_type, created_at, updated_at) VALUES('Article One', '2009-10-15 19:15:46', 1, 'Article', '2009-10-15 19:15:55', '2009-10-15 19:15:55')[0m
  [4;36;1mArticle Load (14.0ms)[0m   [0;1mSELECT * FROM articles WHERE (articles.id = 1) [0m
  [4;35;1mCatalogEntry Load (7.0ms)[0m   [0mSELECT * FROM catalog_entries WHERE (catalog_entries.id = 1) [0m
  [4;36;1mCatalogEntry Load (4.0ms)[0m   [0;1mSELECT * FROM catalog_entries WHERE (catalog_entries.id = 1) [0m
  [4;35;1mArticle Load (2.0ms)[0m   [0mSELECT * FROM articles WHERE (articles.id = 1) [0m
  [4;36;1mSQL (2.0ms)[0m   [0;1mSELECT version FROM schema_migrations[0m
  [4;36;1mSQL (2.0ms)[0m   [0;1mSELECT version FROM schema_migrations[0m
  [4;36;1mSQL (2.0ms)[0m   [0;1mSELECT version FROM schema_migrations[0m
  [4;36;1mSQL (10.0ms)[0m   [0;1mINSERT INTO sounds (content, created_at, updated_at) VALUES(NULL, '2009-10-15 19:35:10', '2009-10-15 19:35:10')[0m
  [4;36;1mSQL (2.0ms)[0m   [0;1mSELECT version FROM schema_migrations[0m
  [4;36;1mSQL (2.0ms)[0m   [0;1mSELECT version FROM schema_migrations[0m
